pg_dump: последний системный OID: 16383
pg_dump: чтение расширений
pg_dump: выявление членов расширений
pg_dump: чтение схем
pg_dump: чтение пользовательских таблиц
pg_dump: чтение пользовательских функций
pg_dump: чтение пользовательских типов
pg_dump: чтение процедурных языков
pg_dump: чтение пользовательских агрегатных функций
pg_dump: чтение пользовательских операторов
pg_dump: чтение пользовательских методов доступа
pg_dump: чтение пользовательских классов операторов
pg_dump: чтение пользовательских семейств операторов
pg_dump: чтение пользовательских анализаторов текстового поиска
pg_dump: чтение пользовательских шаблонов текстового поиска
pg_dump: чтение пользовательских словарей текстового поиска
pg_dump: чтение пользовательских конфигураций текстового поиска
pg_dump: чтение пользовательских оболочек сторонних данных
pg_dump: чтение пользовательских сторонних серверов
pg_dump: чтение прав по умолчанию
pg_dump: чтение пользовательских правил сортировки
pg_dump: чтение пользовательских преобразований
pg_dump: чтение приведений типов
pg_dump: чтение преобразований
pg_dump: чтение информации о наследовании таблиц
pg_dump: чтение событийных триггеров
pg_dump: поиск таблиц расширений
pg_dump: поиск связей наследования
pg_dump: чтение информации о столбцах интересующих таблиц
pg_dump: поиск столбцов и типов таблицы "public.contracts"
pg_dump: поиск выражений по умолчанию для таблицы "public.contracts"
pg_dump: поиск столбцов и типов таблицы "public.contract_statuses"
pg_dump: поиск выражений по умолчанию для таблицы "public.contract_statuses"
pg_dump: поиск столбцов и типов таблицы "public.clients"
pg_dump: поиск выражений по умолчанию для таблицы "public.clients"
pg_dump: поиск столбцов и типов таблицы "public.technical_information"
pg_dump: поиск выражений по умолчанию для таблицы "public.technical_information"
pg_dump: поиск столбцов и типов таблицы "public.client_cities"
pg_dump: поиск выражений по умолчанию для таблицы "public.client_cities"
pg_dump: поиск столбцов и типов таблицы "public.appeals"
pg_dump: поиск выражений по умолчанию для таблицы "public.appeals"
pg_dump: поиск столбцов и типов таблицы "public.problems"
pg_dump: поиск выражений по умолчанию для таблицы "public.problems"
pg_dump: поиск столбцов и типов таблицы "public.users"
pg_dump: поиск выражений по умолчанию для таблицы "public.users"
pg_dump: поиск столбцов и типов таблицы "public.statuses"
pg_dump: поиск выражений по умолчанию для таблицы "public.statuses"
pg_dump: поиск столбцов и типов таблицы "public.roles"
pg_dump: поиск выражений по умолчанию для таблицы "public.roles"
pg_dump: поиск столбцов и типов таблицы "public.financial_operations"
pg_dump: поиск выражений по умолчанию для таблицы "public.financial_operations"
pg_dump: поиск столбцов и типов таблицы "public.transaction_types"
pg_dump: поиск выражений по умолчанию для таблицы "public.transaction_types"
pg_dump: поиск столбцов и типов таблицы "public.bills"
pg_dump: поиск выражений по умолчанию для таблицы "public.bills"
pg_dump: поиск столбцов и типов таблицы "public.contract_parts"
pg_dump: поиск выражений по умолчанию для таблицы "public.contract_parts"
pg_dump: поиск столбцов и типов таблицы "public.services"
pg_dump: поиск выражений по умолчанию для таблицы "public.services"
pg_dump: поиск столбцов и типов таблицы "public.charge_types"
pg_dump: поиск выражений по умолчанию для таблицы "public.charge_types"
pg_dump: поиск столбцов и типов таблицы "public.tariffs"
pg_dump: поиск выражений по умолчанию для таблицы "public.tariffs"
pg_dump: поиск столбцов и типов таблицы "public.contract_changes"
pg_dump: поиск выражений по умолчанию для таблицы "public.contract_changes"
pg_dump: поиск столбцов и типов таблицы "public.client_changes"
pg_dump: поиск выражений по умолчанию для таблицы "public.client_changes"
pg_dump: поиск столбцов и типов таблицы "public.user_changes"
pg_dump: поиск выражений по умолчанию для таблицы "public.user_changes"
pg_dump: пометка наследованных столбцов в подтаблицах
pg_dump: чтение индексов
pg_dump: чтение индексов таблицы "public.contracts"
pg_dump: чтение индексов таблицы "public.contract_statuses"
pg_dump: чтение индексов таблицы "public.clients"
pg_dump: чтение индексов таблицы "public.technical_information"
pg_dump: чтение индексов таблицы "public.client_cities"
pg_dump: чтение индексов таблицы "public.appeals"
pg_dump: чтение индексов таблицы "public.problems"
pg_dump: чтение индексов таблицы "public.users"
pg_dump: чтение индексов таблицы "public.statuses"
pg_dump: чтение индексов таблицы "public.roles"
pg_dump: чтение индексов таблицы "public.financial_operations"
pg_dump: чтение индексов таблицы "public.transaction_types"
pg_dump: чтение индексов таблицы "public.bills"
pg_dump: чтение индексов таблицы "public.contract_parts"
pg_dump: чтение индексов таблицы "public.services"
pg_dump: чтение индексов таблицы "public.charge_types"
pg_dump: чтение индексов таблицы "public.tariffs"
pg_dump: чтение индексов таблицы "public.contract_changes"
pg_dump: чтение индексов таблицы "public.client_changes"
pg_dump: чтение индексов таблицы "public.user_changes"
pg_dump: пометка индексов в секционированных таблицах
pg_dump: чтение расширенной статистики
pg_dump: чтение ограничений
pg_dump: чтение ограничений внешних ключей таблицы "public.contracts"
pg_dump: чтение ограничений внешних ключей таблицы "public.contract_statuses"
pg_dump: чтение ограничений внешних ключей таблицы "public.clients"
pg_dump: чтение ограничений внешних ключей таблицы "public.technical_information"
pg_dump: чтение ограничений внешних ключей таблицы "public.client_cities"
pg_dump: чтение ограничений внешних ключей таблицы "public.appeals"
pg_dump: чтение ограничений внешних ключей таблицы "public.problems"
pg_dump: чтение ограничений внешних ключей таблицы "public.users"
pg_dump: чтение ограничений внешних ключей таблицы "public.statuses"
pg_dump: чтение ограничений внешних ключей таблицы "public.roles"
pg_dump: чтение ограничений внешних ключей таблицы "public.financial_operations"
pg_dump: чтение ограничений внешних ключей таблицы "public.transaction_types"
pg_dump: чтение ограничений внешних ключей таблицы "public.bills"
pg_dump: чтение ограничений внешних ключей таблицы "public.contract_parts"
pg_dump: чтение ограничений внешних ключей таблицы "public.services"
pg_dump: чтение ограничений внешних ключей таблицы "public.charge_types"
pg_dump: чтение ограничений внешних ключей таблицы "public.tariffs"
pg_dump: чтение ограничений внешних ключей таблицы "public.contract_changes"
pg_dump: чтение ограничений внешних ключей таблицы "public.client_changes"
pg_dump: чтение ограничений внешних ключей таблицы "public.user_changes"
pg_dump: чтение триггеров
pg_dump: чтение триггеров таблицы "public.contracts"
pg_dump: чтение триггеров таблицы "public.contract_statuses"
pg_dump: чтение триггеров таблицы "public.clients"
pg_dump: чтение триггеров таблицы "public.technical_information"
pg_dump: чтение триггеров таблицы "public.client_cities"
pg_dump: чтение триггеров таблицы "public.appeals"
pg_dump: чтение триггеров таблицы "public.problems"
pg_dump: чтение триггеров таблицы "public.users"
pg_dump: чтение триггеров таблицы "public.statuses"
pg_dump: чтение триггеров таблицы "public.roles"
pg_dump: чтение триггеров таблицы "public.financial_operations"
pg_dump: чтение триггеров таблицы "public.transaction_types"
pg_dump: чтение триггеров таблицы "public.bills"
pg_dump: чтение триггеров таблицы "public.contract_parts"
pg_dump: чтение триггеров таблицы "public.services"
pg_dump: чтение триггеров таблицы "public.charge_types"
pg_dump: чтение триггеров таблицы "public.tariffs"
pg_dump: чтение триггеров таблицы "public.contract_changes"
pg_dump: чтение триггеров таблицы "public.client_changes"
pg_dump: чтение триггеров таблицы "public.user_changes"
pg_dump: чтение правил перезаписи
pg_dump: чтение политик
pg_dump: чтение информации о защите строк для таблицы "public.contracts_id_seq"
pg_dump: чтение политик таблицы "public.contracts_id_seq"
pg_dump: чтение информации о защите строк для таблицы "public.contracts"
pg_dump: чтение политик таблицы "public.contracts"
pg_dump: чтение информации о защите строк для таблицы "public.contract_statuses_id_seq"
pg_dump: чтение политик таблицы "public.contract_statuses_id_seq"
pg_dump: чтение информации о защите строк для таблицы "public.contract_statuses"
pg_dump: чтение политик таблицы "public.contract_statuses"
pg_dump: чтение информации о защите строк для таблицы "public.clients_id_seq"
pg_dump: чтение политик таблицы "public.clients_id_seq"
pg_dump: чтение информации о защите строк для таблицы "public.clients"
pg_dump: чтение политик таблицы "public.clients"
pg_dump: чтение информации о защите строк для таблицы "public.technical_infomation_id_seq"
pg_dump: чтение политик таблицы "public.technical_infomation_id_seq"
pg_dump: чтение информации о защите строк для таблицы "public.technical_information"
pg_dump: чтение политик таблицы "public.technical_information"
pg_dump: чтение информации о защите строк для таблицы "public.client_cities_id_seq"
pg_dump: чтение политик таблицы "public.client_cities_id_seq"
pg_dump: чтение информации о защите строк для таблицы "public.client_cities"
pg_dump: чтение политик таблицы "public.client_cities"
pg_dump: чтение информации о защите строк для таблицы "public.appeals_id_seq"
pg_dump: чтение политик таблицы "public.appeals_id_seq"
pg_dump: чтение информации о защите строк для таблицы "public.appeals"
pg_dump: чтение политик таблицы "public.appeals"
pg_dump: чтение информации о защите строк для таблицы "public.problems_id_seq"
pg_dump: чтение политик таблицы "public.problems_id_seq"
pg_dump: чтение информации о защите строк для таблицы "public.problems"
pg_dump: чтение политик таблицы "public.problems"
pg_dump: чтение информации о защите строк для таблицы "public.users_id_seq"
pg_dump: чтение политик таблицы "public.users_id_seq"
pg_dump: чтение информации о защите строк для таблицы "public.users"
pg_dump: чтение политик таблицы "public.users"
pg_dump: чтение информации о защите строк для таблицы "public.statuses_id_seq"
pg_dump: чтение политик таблицы "public.statuses_id_seq"
pg_dump: чтение информации о защите строк для таблицы "public.statuses"
pg_dump: чтение политик таблицы "public.statuses"
pg_dump: чтение информации о защите строк для таблицы "public.roles_id_seq"
pg_dump: чтение политик таблицы "public.roles_id_seq"
pg_dump: чтение информации о защите строк для таблицы "public.roles"
pg_dump: чтение политик таблицы "public.roles"
pg_dump: чтение информации о защите строк для таблицы "public.financial_operations_id_seq"
pg_dump: чтение политик таблицы "public.financial_operations_id_seq"
pg_dump: чтение информации о защите строк для таблицы "public.financial_operations"
pg_dump: чтение политик таблицы "public.financial_operations"
pg_dump: чтение информации о защите строк для таблицы "public.transaction_types_id_seq"
pg_dump: чтение политик таблицы "public.transaction_types_id_seq"
pg_dump: чтение информации о защите строк для таблицы "public.transaction_types"
pg_dump: чтение политик таблицы "public.transaction_types"
pg_dump: чтение информации о защите строк для таблицы "public.bills_id_seq"
pg_dump: чтение политик таблицы "public.bills_id_seq"
pg_dump: чтение информации о защите строк для таблицы "public.bills"
pg_dump: чтение политик таблицы "public.bills"
pg_dump: чтение информации о защите строк для таблицы "public.contract_parts_id_seq"
pg_dump: чтение политик таблицы "public.contract_parts_id_seq"
pg_dump: чтение информации о защите строк для таблицы "public.contract_parts"
pg_dump: чтение политик таблицы "public.contract_parts"
pg_dump: чтение информации о защите строк для таблицы "public.services_id_seq"
pg_dump: чтение политик таблицы "public.services_id_seq"
pg_dump: чтение информации о защите строк для таблицы "public.services"
pg_dump: чтение политик таблицы "public.services"
pg_dump: чтение информации о защите строк для таблицы "public.withdrawal_types_id_seq"
pg_dump: чтение политик таблицы "public.withdrawal_types_id_seq"
pg_dump: чтение информации о защите строк для таблицы "public.charge_types"
pg_dump: чтение политик таблицы "public.charge_types"
pg_dump: чтение информации о защите строк для таблицы "public.tariffs_id_seq"
pg_dump: чтение политик таблицы "public.tariffs_id_seq"
pg_dump: чтение информации о защите строк для таблицы "public.tariffs"
pg_dump: чтение политик таблицы "public.tariffs"
pg_dump: чтение информации о защите строк для таблицы "public.contract_changes_id_seq"
pg_dump: чтение политик таблицы "public.contract_changes_id_seq"
pg_dump: чтение информации о защите строк для таблицы "public.contract_changes"
pg_dump: чтение политик таблицы "public.contract_changes"
pg_dump: чтение информации о защите строк для таблицы "public.client_changes_id_seq"
pg_dump: чтение политик таблицы "public.client_changes_id_seq"
pg_dump: чтение информации о защите строк для таблицы "public.client_changes"
pg_dump: чтение политик таблицы "public.client_changes"
pg_dump: чтение информации о защите строк для таблицы "public.user_changes_id_seq"
pg_dump: чтение политик таблицы "public.user_changes_id_seq"
pg_dump: чтение информации о защите строк для таблицы "public.user_changes"
pg_dump: чтение политик таблицы "public.user_changes"
pg_dump: чтение публикаций
pg_dump: чтение участников публикаций
pg_dump: чтение информации об участии в репликации таблицы "public.contracts"
pg_dump: чтение информации об участии в репликации таблицы "public.contract_statuses"
pg_dump: чтение информации об участии в репликации таблицы "public.clients"
pg_dump: чтение информации об участии в репликации таблицы "public.technical_information"
pg_dump: чтение информации об участии в репликации таблицы "public.client_cities"
pg_dump: чтение информации об участии в репликации таблицы "public.appeals"
pg_dump: чтение информации об участии в репликации таблицы "public.problems"
pg_dump: чтение информации об участии в репликации таблицы "public.users"
pg_dump: чтение информации об участии в репликации таблицы "public.statuses"
pg_dump: чтение информации об участии в репликации таблицы "public.roles"
pg_dump: чтение информации об участии в репликации таблицы "public.financial_operations"
pg_dump: чтение информации об участии в репликации таблицы "public.transaction_types"
pg_dump: чтение информации об участии в репликации таблицы "public.bills"
pg_dump: чтение информации об участии в репликации таблицы "public.contract_parts"
pg_dump: чтение информации об участии в репликации таблицы "public.services"
pg_dump: чтение информации об участии в репликации таблицы "public.charge_types"
pg_dump: чтение информации об участии в репликации таблицы "public.tariffs"
pg_dump: чтение информации об участии в репликации таблицы "public.contract_changes"
pg_dump: чтение информации об участии в репликации таблицы "public.client_changes"
pg_dump: чтение информации об участии в репликации таблицы "public.user_changes"
pg_dump: чтение подписок
pg_dump: чтение больших объектов
pg_dump: чтение информации о зависимостях
pg_dump: сохранение кодировки (UTF8)
pg_dump: сохранение standard_conforming_strings (on)
pg_dump: сохранение search_path ()
pg_dump: сохранение определения базы данных
pg_dump: выгрузка содержимого таблицы "public.appeals"
pg_dump: выгрузка содержимого таблицы "public.bills"
pg_dump: выгрузка содержимого таблицы "public.charge_types"
pg_dump: выгрузка содержимого таблицы "public.client_changes"
pg_dump: выгрузка содержимого таблицы "public.client_cities"
pg_dump: выгрузка содержимого таблицы "public.clients"
pg_dump: выгрузка содержимого таблицы "public.contract_changes"
pg_dump: выгрузка содержимого таблицы "public.contract_parts"
pg_dump: выгрузка содержимого таблицы "public.contract_statuses"
pg_dump: выгрузка содержимого таблицы "public.contracts"
pg_dump: выгрузка содержимого таблицы "public.financial_operations"
pg_dump: выгрузка содержимого таблицы "public.problems"
pg_dump: выгрузка содержимого таблицы "public.roles"
pg_dump: выгрузка содержимого таблицы "public.services"
pg_dump: выгрузка содержимого таблицы "public.statuses"
pg_dump: выгрузка содержимого таблицы "public.tariffs"
pg_dump: выгрузка содержимого таблицы "public.technical_information"
pg_dump: выгрузка содержимого таблицы "public.transaction_types"
pg_dump: выгрузка содержимого таблицы "public.user_changes"
pg_dump: выгрузка содержимого таблицы "public.users"
pg_dump: сохранение больших объектов
